app/build/intermediates/manifest_merge_blame_file/debug/manifest-merger-blame-debug-report.txt
1<?xml version="1.0" encoding="utf-8"?>
2<manifest xmlns:android="http://schemas.android.com/apk/res/android"
3    package="com.tankarsolutions.finddotsbraintraininggame"
4    android:versionCode="2"
5    android:versionName="1.1" >
6
7    <uses-sdk
8        android:minSdkVersion="21"
8-->src/main/AndroidManifest.xml
9        android:targetSdkVersion="29" />
9-->src/main/AndroidManifest.xml
10
11    <uses-permission android:name="android.permission.INTERNET" />
11-->[com.google.firebase:firebase-crashlytics:17.1.1] AndroidManifest.xml:10:5-67
11-->[com.google.firebase:firebase-crashlytics:17.1.1] AndroidManifest.xml:10:22-64
12    <uses-permission android:name="android.permission.ACCESS_NETWORK_STATE" />
12-->[com.google.android.gms:play-services-measurement:17.4.4] AndroidManifest.xml:24:5-79
12-->[com.google.android.gms:play-services-measurement:17.4.4] AndroidManifest.xml:24:22-76
13    <uses-permission android:name="android.permission.WAKE_LOCK" />
13-->[com.google.android.gms:play-services-measurement:17.4.4] AndroidManifest.xml:25:5-68
13-->[com.google.android.gms:play-services-measurement:17.4.4] AndroidManifest.xml:25:22-65
14    <uses-permission android:name="com.google.android.finsky.permission.BIND_GET_INSTALL_REFERRER_SERVICE" /> <!-- Required by older versions of Google Play services to create IID tokens -->
14-->[com.google.android.gms:play-services-measurement:17.4.4] AndroidManifest.xml:26:5-110
14-->[com.google.android.gms:play-services-measurement:17.4.4] AndroidManifest.xml:26:22-107
15    <uses-permission android:name="com.google.android.c2dm.permission.RECEIVE" />
15-->[com.google.firebase:firebase-iid:20.2.3] AndroidManifest.xml:26:5-82
15-->[com.google.firebase:firebase-iid:20.2.3] AndroidManifest.xml:26:22-79
16
17    <application
17-->src/main/AndroidManifest.xml:6:5-46:19
18        android:name="com.tankarsolutions.finddotsbraintraininggame.MyApplication"
18-->src/main/AndroidManifest.xml:7:9-83
19        android:allowBackup="false"
19-->src/main/AndroidManifest.xml:8:9-36
20        android:appComponentFactory="androidx.core.app.CoreComponentFactory"
20-->[androidx.core:core:1.3.1] AndroidManifest.xml:24:18-86
21        android:debuggable="true"
22        android:icon="@mipmap/ic_launcher"
22-->src/main/AndroidManifest.xml:9:9-43
23        android:label="@string/app_name"
23-->src/main/AndroidManifest.xml:10:9-41
24        android:supportsRtl="true"
24-->src/main/AndroidManifest.xml:11:9-35
25        android:testOnly="true"
26        android:theme="@style/AppTheme" >
26-->src/main/AndroidManifest.xml:12:9-40
27        <meta-data
27-->src/main/AndroidManifest.xml:15:9-17:60
28            android:name="com.google.firebase.messaging.default_notification_icon"
28-->src/main/AndroidManifest.xml:16:13-83
29            android:resource="@drawable/ic_notification" />
29-->src/main/AndroidManifest.xml:17:13-57
30        <meta-data
30-->src/main/AndroidManifest.xml:19:9-21:45
31            android:name="com.google.firebase.messaging.default_notification_color"
31-->src/main/AndroidManifest.xml:20:13-84
32            android:resource="@color/red" />
32-->src/main/AndroidManifest.xml:21:13-42
33        <meta-data
33-->src/main/AndroidManifest.xml:23:9-25:71
34            android:name="com.google.firebase.messaging.default_notification_channel_id"
34-->src/main/AndroidManifest.xml:24:13-89
35            android:value="@string/default_notification_channel_id" />
35-->src/main/AndroidManifest.xml:25:13-68
36        <meta-data
36-->src/main/AndroidManifest.xml:27:9-29:50
37            android:name="com.google.android.gms.ads.APPLICATION_ID"
37-->src/main/AndroidManifest.xml:28:13-69
38            android:value="@string/admobAppId" />
38-->src/main/AndroidManifest.xml:29:13-47
39
40        <activity
40-->src/main/AndroidManifest.xml:30:9-39:20
41            android:name="com.tankarsolutions.finddotsbraintraininggame.activity.SplashActivity"
41-->src/main/AndroidManifest.xml:31:13-97
42            android:screenOrientation="portrait"
42-->src/main/AndroidManifest.xml:32:13-49
43            android:theme="@style/SplashTheme" >
43-->src/main/AndroidManifest.xml:33:13-47
44            <intent-filter>
44-->src/main/AndroidManifest.xml:34:13-38:29
45                <action android:name="android.intent.action.MAIN" />
45-->src/main/AndroidManifest.xml:35:17-69
45-->src/main/AndroidManifest.xml:35:25-66
46
47                <category android:name="android.intent.category.LAUNCHER" />
47-->src/main/AndroidManifest.xml:37:17-77
47-->src/main/AndroidManifest.xml:37:27-74
48            </intent-filter>
49        </activity>
50        <activity
50-->src/main/AndroidManifest.xml:40:9-42:52
51            android:name="com.tankarsolutions.finddotsbraintraininggame.activity.MainActivity"
51-->src/main/AndroidManifest.xml:41:13-95
52            android:screenOrientation="portrait" />
52-->src/main/AndroidManifest.xml:42:13-49
53        <activity
53-->src/main/AndroidManifest.xml:43:9-45:52
54            android:name="com.tankarsolutions.finddotsbraintraininggame.activity.GameActivity"
54-->src/main/AndroidManifest.xml:44:13-95
55            android:screenOrientation="portrait" />
55-->src/main/AndroidManifest.xml:45:13-49
56
57        <service
57-->[androidx.room:room-runtime:2.2.5] AndroidManifest.xml:25:9-28:40
58            android:name="androidx.room.MultiInstanceInvalidationService"
58-->[androidx.room:room-runtime:2.2.5] AndroidManifest.xml:26:13-74
59            android:directBootAware="true"
59-->[androidx.room:room-runtime:2.2.5] AndroidManifest.xml:27:13-43
60            android:exported="false" />
60-->[androidx.room:room-runtime:2.2.5] AndroidManifest.xml:28:13-37
61        <!--
62             FirebaseMessagingService performs security checks at runtime,
63             but set to not exported to explicitly avoid allowing another app to call it.
64        -->
65        <service
65-->[com.google.firebase:firebase-messaging:20.2.4] AndroidManifest.xml:28:9-35:19
66            android:name="com.google.firebase.messaging.FirebaseMessagingService"
66-->[com.google.firebase:firebase-messaging:20.2.4] AndroidManifest.xml:29:13-82
67            android:directBootAware="true"
67-->[com.google.firebase:firebase-messaging:20.2.4] AndroidManifest.xml:30:13-43
68            android:exported="false" >
68-->[com.google.firebase:firebase-messaging:20.2.4] AndroidManifest.xml:31:13-37
69            <intent-filter android:priority="-500" >
69-->[com.google.firebase:firebase-messaging:20.2.4] AndroidManifest.xml:32:13-34:29
69-->[com.google.firebase:firebase-messaging:20.2.4] AndroidManifest.xml:32:28-51
70                <action android:name="com.google.firebase.MESSAGING_EVENT" />
70-->[com.google.firebase:firebase-messaging:20.2.4] AndroidManifest.xml:33:17-78
70-->[com.google.firebase:firebase-messaging:20.2.4] AndroidManifest.xml:33:25-75
71            </intent-filter>
72        </service>
73        <service
73-->[com.google.firebase:firebase-messaging:20.2.4] AndroidManifest.xml:36:9-42:19
74            android:name="com.google.firebase.components.ComponentDiscoveryService"
74-->[com.google.firebase:firebase-messaging:20.2.4] AndroidManifest.xml:37:13-84
75            android:directBootAware="true"
75-->[com.google.firebase:firebase-common:19.3.0] AndroidManifest.xml:34:13-43
76            android:exported="false" >
76-->[com.google.firebase:firebase-messaging:20.2.4] AndroidManifest.xml:38:13-37
77            <meta-data
77-->[com.google.firebase:firebase-messaging:20.2.4] AndroidManifest.xml:39:13-41:85
78                android:name="com.google.firebase.components:com.google.firebase.messaging.FirebaseMessagingRegistrar"
78-->[com.google.firebase:firebase-messaging:20.2.4] AndroidManifest.xml:40:17-119
79                android:value="com.google.firebase.components.ComponentRegistrar" />
79-->[com.google.firebase:firebase-messaging:20.2.4] AndroidManifest.xml:41:17-82
80            <meta-data
80-->[com.google.firebase:firebase-crashlytics:17.1.1] AndroidManifest.xml:16:13-18:85
81                android:name="com.google.firebase.components:com.google.firebase.crashlytics.CrashlyticsRegistrar"
81-->[com.google.firebase:firebase-crashlytics:17.1.1] AndroidManifest.xml:17:17-115
82                android:value="com.google.firebase.components.ComponentRegistrar" />
82-->[com.google.firebase:firebase-crashlytics:17.1.1] AndroidManifest.xml:18:17-82
83            <meta-data
83-->[com.google.firebase:firebase-iid:20.2.3] AndroidManifest.xml:32:13-34:85
84                android:name="com.google.firebase.components:com.google.firebase.iid.Registrar"
84-->[com.google.firebase:firebase-iid:20.2.3] AndroidManifest.xml:33:17-96
85                android:value="com.google.firebase.components.ComponentRegistrar" />
85-->[com.google.firebase:firebase-iid:20.2.3] AndroidManifest.xml:34:17-82
86            <meta-data
86-->[com.google.android.gms:play-services-measurement-api:17.4.4] AndroidManifest.xml:30:13-32:85
87                android:name="com.google.firebase.components:com.google.firebase.analytics.connector.internal.AnalyticsConnectorRegistrar"
87-->[com.google.android.gms:play-services-measurement-api:17.4.4] AndroidManifest.xml:31:17-139
88                android:value="com.google.firebase.components.ComponentRegistrar" />
88-->[com.google.android.gms:play-services-measurement-api:17.4.4] AndroidManifest.xml:32:17-82
89            <meta-data
89-->[com.google.firebase:firebase-datatransport:17.0.3] AndroidManifest.xml:28:13-30:85
90                android:name="com.google.firebase.components:com.google.firebase.datatransport.TransportRegistrar"
90-->[com.google.firebase:firebase-datatransport:17.0.3] AndroidManifest.xml:29:17-115
91                android:value="com.google.firebase.components.ComponentRegistrar" />
91-->[com.google.firebase:firebase-datatransport:17.0.3] AndroidManifest.xml:30:17-82
92            <meta-data
92-->[com.google.firebase:firebase-installations:16.3.3] AndroidManifest.xml:17:13-19:85
93                android:name="com.google.firebase.components:com.google.firebase.installations.FirebaseInstallationsRegistrar"
93-->[com.google.firebase:firebase-installations:16.3.3] AndroidManifest.xml:18:17-127
94                android:value="com.google.firebase.components.ComponentRegistrar" />
94-->[com.google.firebase:firebase-installations:16.3.3] AndroidManifest.xml:19:17-82
95        </service>
96
97        <receiver
97-->[com.google.android.gms:play-services-measurement:17.4.4] AndroidManifest.xml:29:9-33:20
98            android:name="com.google.android.gms.measurement.AppMeasurementReceiver"
98-->[com.google.android.gms:play-services-measurement:17.4.4] AndroidManifest.xml:30:13-85
99            android:enabled="true"
99-->[com.google.android.gms:play-services-measurement:17.4.4] AndroidManifest.xml:31:13-35
100            android:exported="false" >
100-->[com.google.android.gms:play-services-measurement:17.4.4] AndroidManifest.xml:32:13-37
101        </receiver>
102
103        <service
103-->[com.google.android.gms:play-services-measurement:17.4.4] AndroidManifest.xml:35:9-38:40
104            android:name="com.google.android.gms.measurement.AppMeasurementService"
104-->[com.google.android.gms:play-services-measurement:17.4.4] AndroidManifest.xml:36:13-84
105            android:enabled="true"
105-->[com.google.android.gms:play-services-measurement:17.4.4] AndroidManifest.xml:37:13-35
106            android:exported="false" />
106-->[com.google.android.gms:play-services-measurement:17.4.4] AndroidManifest.xml:38:13-37
107        <service
107-->[com.google.android.gms:play-services-measurement:17.4.4] AndroidManifest.xml:39:9-43:72
108            android:name="com.google.android.gms.measurement.AppMeasurementJobService"
108-->[com.google.android.gms:play-services-measurement:17.4.4] AndroidManifest.xml:40:13-87
109            android:enabled="true"
109-->[com.google.android.gms:play-services-measurement:17.4.4] AndroidManifest.xml:41:13-35
110            android:exported="false"
110-->[com.google.android.gms:play-services-measurement:17.4.4] AndroidManifest.xml:42:13-37
111            android:permission="android.permission.BIND_JOB_SERVICE" />
111-->[com.google.android.gms:play-services-measurement:17.4.4] AndroidManifest.xml:43:13-69
112
113        <receiver
113-->[com.google.firebase:firebase-iid:20.2.3] AndroidManifest.xml:37:9-44:20
114            android:name="com.google.firebase.iid.FirebaseInstanceIdReceiver"
114-->[com.google.firebase:firebase-iid:20.2.3] AndroidManifest.xml:38:13-78
115            android:exported="true"
115-->[com.google.firebase:firebase-iid:20.2.3] AndroidManifest.xml:39:13-36
116            android:permission="com.google.android.c2dm.permission.SEND" >
116-->[com.google.firebase:firebase-iid:20.2.3] AndroidManifest.xml:40:13-73
117            <intent-filter>
117-->[com.google.firebase:firebase-iid:20.2.3] AndroidManifest.xml:41:13-43:29
118                <action android:name="com.google.android.c2dm.intent.RECEIVE" />
118-->[com.google.firebase:firebase-iid:20.2.3] AndroidManifest.xml:42:17-81
118-->[com.google.firebase:firebase-iid:20.2.3] AndroidManifest.xml:42:25-78
119            </intent-filter>
120        </receiver>
121
122        <provider
122-->[com.google.firebase:firebase-common:19.3.0] AndroidManifest.xml:26:9-30:39
123            android:name="com.google.firebase.provider.FirebaseInitProvider"
123-->[com.google.firebase:firebase-common:19.3.0] AndroidManifest.xml:27:13-77
124            android:authorities="com.tankarsolutions.finddotsbraintraininggame.firebaseinitprovider"
124-->[com.google.firebase:firebase-common:19.3.0] AndroidManifest.xml:28:13-72
125            android:exported="false"
125-->[com.google.firebase:firebase-common:19.3.0] AndroidManifest.xml:29:13-37
126            android:initOrder="100" />
126-->[com.google.firebase:firebase-common:19.3.0] AndroidManifest.xml:30:13-36
127
128        <activity
128-->[com.google.android.gms:play-services-base:17.0.0] AndroidManifest.xml:23:9-26:75
129            android:name="com.google.android.gms.common.api.GoogleApiActivity"
129-->[com.google.android.gms:play-services-base:17.0.0] AndroidManifest.xml:24:13-79
130            android:exported="false"
130-->[com.google.android.gms:play-services-base:17.0.0] AndroidManifest.xml:25:13-37
131            android:theme="@android:style/Theme.Translucent.NoTitleBar" /> <!-- Include the AdActivity and InAppPurchaseActivity configChanges and themes. -->
131-->[com.google.android.gms:play-services-base:17.0.0] AndroidManifest.xml:26:13-72
132        <activity
132-->[com.google.android.gms:play-services-ads-lite:19.3.0] AndroidManifest.xml:29:9-33:64
133            android:name="com.google.android.gms.ads.AdActivity"
133-->[com.google.android.gms:play-services-ads-lite:19.3.0] AndroidManifest.xml:30:13-65
134            android:configChanges="keyboard|keyboardHidden|orientation|screenLayout|uiMode|screenSize|smallestScreenSize"
134-->[com.google.android.gms:play-services-ads-lite:19.3.0] AndroidManifest.xml:31:13-122
135            android:exported="false"
135-->[com.google.android.gms:play-services-ads-lite:19.3.0] AndroidManifest.xml:32:13-37
136            android:theme="@android:style/Theme.Translucent" />
136-->[com.google.android.gms:play-services-ads-lite:19.3.0] AndroidManifest.xml:33:13-61
137
138        <provider
138-->[com.google.android.gms:play-services-ads-lite:19.3.0] AndroidManifest.xml:35:9-39:39
139            android:name="com.google.android.gms.ads.MobileAdsInitProvider"
139-->[com.google.android.gms:play-services-ads-lite:19.3.0] AndroidManifest.xml:36:13-76
140            android:authorities="com.tankarsolutions.finddotsbraintraininggame.mobileadsinitprovider"
140-->[com.google.android.gms:play-services-ads-lite:19.3.0] AndroidManifest.xml:37:13-73
141            android:exported="false"
141-->[com.google.android.gms:play-services-ads-lite:19.3.0] AndroidManifest.xml:38:13-37
142            android:initOrder="100" />
142-->[com.google.android.gms:play-services-ads-lite:19.3.0] AndroidManifest.xml:39:13-36
143
144        <meta-data
144-->[com.google.android.gms:play-services-basement:17.0.0] AndroidManifest.xml:23:9-25:69
145            android:name="com.google.android.gms.version"
145-->[com.google.android.gms:play-services-basement:17.0.0] AndroidManifest.xml:24:13-58
146            android:value="@integer/google_play_services_version" />
146-->[com.google.android.gms:play-services-basement:17.0.0] AndroidManifest.xml:25:13-66
147
148        <provider
148-->[androidx.lifecycle:lifecycle-process:2.2.0] AndroidManifest.xml:25:9-29:43
149            android:name="androidx.lifecycle.ProcessLifecycleOwnerInitializer"
149-->[androidx.lifecycle:lifecycle-process:2.2.0] AndroidManifest.xml:26:13-79
150            android:authorities="com.tankarsolutions.finddotsbraintraininggame.lifecycle-process"
150-->[androidx.lifecycle:lifecycle-process:2.2.0] AndroidManifest.xml:27:13-69
151            android:exported="false"
151-->[androidx.lifecycle:lifecycle-process:2.2.0] AndroidManifest.xml:28:13-37
152            android:multiprocess="true" />
152-->[androidx.lifecycle:lifecycle-process:2.2.0] AndroidManifest.xml:29:13-40
153
154        <service
154-->[com.google.android.datatransport:transport-backend-cct:2.3.0] AndroidManifest.xml:29:9-35:19
155            android:name="com.google.android.datatransport.runtime.backends.TransportBackendDiscovery"
155-->[com.google.android.datatransport:transport-backend-cct:2.3.0] AndroidManifest.xml:30:13-103
156            android:exported="false" >
156-->[com.google.android.datatransport:transport-backend-cct:2.3.0] AndroidManifest.xml:31:13-37
157            <meta-data
157-->[com.google.android.datatransport:transport-backend-cct:2.3.0] AndroidManifest.xml:32:13-34:39
158                android:name="backend:com.google.android.datatransport.cct.CctBackendFactory"
158-->[com.google.android.datatransport:transport-backend-cct:2.3.0] AndroidManifest.xml:33:17-94
159                android:value="cct" />
159-->[com.google.android.datatransport:transport-backend-cct:2.3.0] AndroidManifest.xml:34:17-36
160        </service>
161        <service
161-->[com.google.android.datatransport:transport-runtime:2.2.3] AndroidManifest.xml:26:9-30:19
162            android:name="com.google.android.datatransport.runtime.scheduling.jobscheduling.JobInfoSchedulerService"
162-->[com.google.android.datatransport:transport-runtime:2.2.3] AndroidManifest.xml:27:13-117
163            android:exported="false"
163-->[com.google.android.datatransport:transport-runtime:2.2.3] AndroidManifest.xml:28:13-37
164            android:permission="android.permission.BIND_JOB_SERVICE" >
164-->[com.google.android.datatransport:transport-runtime:2.2.3] AndroidManifest.xml:29:13-69
165        </service>
166
167        <receiver
167-->[com.google.android.datatransport:transport-runtime:2.2.3] AndroidManifest.xml:32:9-34:40
168            android:name="com.google.android.datatransport.runtime.scheduling.jobscheduling.AlarmManagerSchedulerBroadcastReceiver"
168-->[com.google.android.datatransport:transport-runtime:2.2.3] AndroidManifest.xml:33:13-132
169            android:exported="false" />
169-->[com.google.android.datatransport:transport-runtime:2.2.3] AndroidManifest.xml:34:13-37
170    </application>
171
172</manifest>